<?xml version="1.0" encoding="UTF-8"?>
<testsuite xmlns:xsi="http://www.w3.org/2001/XMLSchema-instance" xsi:noNamespaceSchemaLocation="https://maven.apache.org/surefire/maven-surefire-plugin/xsd/surefire-test-report.xsd" name="test.java.ru.yandex.practicum.catsgram.CatsgramApplicationTests" time="0.21" tests="1" errors="1" skipped="0" failures="0">
  <properties>
[...]
</properties>
  <testcase name="test.java.ru.yandex.practicum.catsgram.CatsgramApplicationTests" classname="test.java.ru.yandex.practicum.catsgram.CatsgramApplicationTests" time="0.209">
    <error message="Unable to find a @SpringBootConfiguration, you need to use @ContextConfiguration or @SpringBootTest(classes=...) with your test" type="java.lang.IllegalStateException">java.lang.IllegalStateException: Unable to find a @SpringBootConfiguration, you need to use @ContextConfiguration or @SpringBootTest(classes=...) with your test
</error>
    <system-out><![CDATA[23:38:14.925 [main] DEBUG org.springframework.test.context.BootstrapUtils - Instantiating CacheAwareContextLoaderDelegate from class [org.springframework.test.context.cache.DefaultCacheAwareContextLoaderDelegate]
23:38:14.936 [main] DEBUG org.springframework.test.context.BootstrapUtils - Instantiating BootstrapContext using constructor [public org.springframework.test.context.support.DefaultBootstrapContext(java.lang.Class,org.springframework.test.context.CacheAwareContextLoaderDelegate)]
23:38:14.971 [main] DEBUG org.springframework.test.context.BootstrapUtils - Instantiating TestContextBootstrapper for test class [test.java.ru.yandex.practicum.catsgram.CatsgramApplicationTests] from class [org.springframework.boot.test.context.SpringBootTestContextBootstrapper]
23:38:14.980 [main] INFO org.springframework.boot.test.context.SpringBootTestContextBootstrapper - Neither @ContextConfiguration nor @ContextHierarchy found for test class [test.java.ru.yandex.practicum.catsgram.CatsgramApplicationTests], using SpringBootContextLoader
23:38:14.983 [main] DEBUG org.springframework.test.context.support.AbstractContextLoader - Did not detect default resource location for test class [test.java.ru.yandex.practicum.catsgram.CatsgramApplicationTests]: class path resource [test/java/ru/yandex/practicum/catsgram/CatsgramApplicationTests-context.xml] does not exist
23:38:14.984 [main] DEBUG org.springframework.test.context.support.AbstractContextLoader - Did not detect default resource location for test class [test.java.ru.yandex.practicum.catsgram.CatsgramApplicationTests]: class path resource [test/java/ru/yandex/practicum/catsgram/CatsgramApplicationTestsContext.groovy] does not exist
23:38:14.984 [main] INFO org.springframework.test.context.support.AbstractContextLoader - Could not detect default resource locations for test class [test.java.ru.yandex.practicum.catsgram.CatsgramApplicationTests]: no resource found for suffixes {-context.xml, Context.groovy}.
23:38:14.985 [main] INFO org.springframework.test.context.support.AnnotationConfigContextLoaderUtils - Could not detect default configuration classes for test class [test.java.ru.yandex.practicum.catsgram.CatsgramApplicationTests]: CatsgramApplicationTests does not declare any static, non-private, non-final, nested classes annotated with @Configuration.
23:38:15.032 [main] DEBUG org.springframework.test.context.support.ActiveProfilesUtils - Could not find an 'annotation declaring class' for annotation type [org.springframework.test.context.ActiveProfiles] and class [test.java.ru.yandex.practicum.catsgram.CatsgramApplicationTests]
]]></system-out>
  </testcase>
</testsuite>